2022-09-27T12:44:56+00:00 CRITICAL Maximum execution time of 30 seconds exceeded in /Applications/MAMP/htdocs/wp-grupp/wp-content/plugins/woocommerce/templates/loop/no-products-found.php on line 18

2022-09-27T14:00:28+00:00 CRITICAL Uncaught Error: Call to a member function get_regular_price() on bool in /Applications/MAMP/htdocs/wp-grupp/wp-content/themes/fimero/template_parts/blocks/product-block.php:17
Stack trace:
#0 /Applications/MAMP/htdocs/wp-grupp/wp-content/plugins/advanced-custom-fields-pro/pro/blocks.php(390): include()
#1 /Applications/MAMP/htdocs/wp-grupp/wp-content/plugins/advanced-custom-fields-pro/pro/blocks.php(327): acf_render_block(Array, '', false, 140, Object(WP_Block))
#2 /Applications/MAMP/htdocs/wp-grupp/wp-content/plugins/advanced-custom-fields-pro/pro/blocks.php(307): acf_rendered_block(Array, '', false, 140, Object(WP_Block))
#3 /Applications/MAMP/htdocs/wp-grupp/wp-includes/class-wp-block.php(255): acf_render_block_callback(Array, '', Object(WP_Block))
#4 /Applications/MAMP/htdocs/wp-grupp/wp-includes/blocks.php(902): WP_Block->render()
#5 /Applications/MAMP/htdocs/wp-grupp/wp-includes/blocks.php(940): render_block(Array)
#6 /Applications/MAMP/htdocs/wp-grupp/wp-includes/class-wp-hook.php(307): do_blocks('<!-- wp:buttons...')
#7 /Applications/MAMP/htdocs/wp-grupp/wp-includes/plugin.php(191): WP_Hook->apply_filters('<!-- wp:buttons...', Array)
#8 /Applications/MAMP/htdocs/wp-grupp/wp-includes/post-template.php(253): apply_filters('the_content', '<!-- wp:buttons...')
#9 /Applications/MAMP/htdocs/wp-grupp/wp-content/themes/fimero/block/page-smallhero.php(12): the_content()
#10 /Applications/MAMP/htdocs/wp-grupp/wp-includes/template-loader.php(106): include('/Applications/M...')
#11 /Applications/MAMP/htdocs/wp-grupp/wp-blog-header.php(19): require_once('/Applications/M...')
#12 /Applications/MAMP/htdocs/wp-grupp/index.php(17): require('/Applications/M...')
#13 {main}
  thrown in /Applications/MAMP/htdocs/wp-grupp/wp-content/themes/fimero/template_parts/blocks/product-block.php on line 17

2022-09-27T14:00:42+00:00 CRITICAL Uncaught Error: Call to a member function get_regular_price() on bool in /Applications/MAMP/htdocs/wp-grupp/wp-content/themes/fimero/template_parts/blocks/product-block.php:17
Stack trace:
#0 /Applications/MAMP/htdocs/wp-grupp/wp-content/plugins/advanced-custom-fields-pro/pro/blocks.php(390): include()
#1 /Applications/MAMP/htdocs/wp-grupp/wp-content/plugins/advanced-custom-fields-pro/pro/blocks.php(327): acf_render_block(Array, '', false, 140, Object(WP_Block))
#2 /Applications/MAMP/htdocs/wp-grupp/wp-content/plugins/advanced-custom-fields-pro/pro/blocks.php(307): acf_rendered_block(Array, '', false, 140, Object(WP_Block))
#3 /Applications/MAMP/htdocs/wp-grupp/wp-includes/class-wp-block.php(255): acf_render_block_callback(Array, '', Object(WP_Block))
#4 /Applications/MAMP/htdocs/wp-grupp/wp-includes/blocks.php(902): WP_Block->render()
#5 /Applications/MAMP/htdocs/wp-grupp/wp-includes/blocks.php(940): render_block(Array)
#6 /Applications/MAMP/htdocs/wp-grupp/wp-includes/class-wp-hook.php(307): do_blocks('<!-- wp:buttons...')
#7 /Applications/MAMP/htdocs/wp-grupp/wp-includes/plugin.php(191): WP_Hook->apply_filters('<!-- wp:buttons...', Array)
#8 /Applications/MAMP/htdocs/wp-grupp/wp-includes/post-template.php(253): apply_filters('the_content', '<!-- wp:buttons...')
#9 /Applications/MAMP/htdocs/wp-grupp/wp-content/themes/fimero/block/page-smallhero.php(12): the_content()
#10 /Applications/MAMP/htdocs/wp-grupp/wp-includes/template-loader.php(106): include('/Applications/M...')
#11 /Applications/MAMP/htdocs/wp-grupp/wp-blog-header.php(19): require_once('/Applications/M...')
#12 /Applications/MAMP/htdocs/wp-grupp/index.php(17): require('/Applications/M...')
#13 {main}
  thrown in /Applications/MAMP/htdocs/wp-grupp/wp-content/themes/fimero/template_parts/blocks/product-block.php on line 17

2022-09-27T15:21:33+00:00 CRITICAL Uncaught Error: Call to a member function get_regular_price() on bool in /Applications/MAMP/htdocs/wp-grupp/wp-content/themes/fimero/template_parts/blocks/product-block.php:16
Stack trace:
#0 /Applications/MAMP/htdocs/wp-grupp/wp-content/plugins/advanced-custom-fields-pro/pro/blocks.php(390): include()
#1 /Applications/MAMP/htdocs/wp-grupp/wp-content/plugins/advanced-custom-fields-pro/pro/blocks.php(327): acf_render_block(Array, '', false, 140, Object(WP_Block))
#2 /Applications/MAMP/htdocs/wp-grupp/wp-content/plugins/advanced-custom-fields-pro/pro/blocks.php(307): acf_rendered_block(Array, '', false, 140, Object(WP_Block))
#3 /Applications/MAMP/htdocs/wp-grupp/wp-includes/class-wp-block.php(255): acf_render_block_callback(Array, '', Object(WP_Block))
#4 /Applications/MAMP/htdocs/wp-grupp/wp-includes/blocks.php(902): WP_Block->render()
#5 /Applications/MAMP/htdocs/wp-grupp/wp-includes/blocks.php(940): render_block(Array)
#6 /Applications/MAMP/htdocs/wp-grupp/wp-includes/class-wp-hook.php(307): do_blocks('<!-- wp:buttons...')
#7 /Applications/MAMP/htdocs/wp-grupp/wp-includes/plugin.php(191): WP_Hook->apply_filters('<!-- wp:buttons...', Array)
#8 /Applications/MAMP/htdocs/wp-grupp/wp-includes/post-template.php(253): apply_filters('the_content', '<!-- wp:buttons...')
#9 /Applications/MAMP/htdocs/wp-grupp/wp-content/themes/fimero/block/page-smallhero.php(12): the_content()
#10 /Applications/MAMP/htdocs/wp-grupp/wp-includes/template-loader.php(106): include('/Applications/M...')
#11 /Applications/MAMP/htdocs/wp-grupp/wp-blog-header.php(19): require_once('/Applications/M...')
#12 /Applications/MAMP/htdocs/wp-grupp/index.php(17): require('/Applications/M...')
#13 {main}
  thrown in /Applications/MAMP/htdocs/wp-grupp/wp-content/themes/fimero/template_parts/blocks/product-block.php on line 16

2022-09-27T15:22:47+00:00 CRITICAL Uncaught Error: Call to a member function get_regular_price() on bool in /Applications/MAMP/htdocs/wp-grupp/wp-content/themes/fimero/template_parts/blocks/product-block.php:16
Stack trace:
#0 /Applications/MAMP/htdocs/wp-grupp/wp-content/plugins/advanced-custom-fields-pro/pro/blocks.php(390): include()
#1 /Applications/MAMP/htdocs/wp-grupp/wp-content/plugins/advanced-custom-fields-pro/pro/blocks.php(327): acf_render_block(Array, '', false, 140, Object(WP_Block))
#2 /Applications/MAMP/htdocs/wp-grupp/wp-content/plugins/advanced-custom-fields-pro/pro/blocks.php(307): acf_rendered_block(Array, '', false, 140, Object(WP_Block))
#3 /Applications/MAMP/htdocs/wp-grupp/wp-includes/class-wp-block.php(255): acf_render_block_callback(Array, '', Object(WP_Block))
#4 /Applications/MAMP/htdocs/wp-grupp/wp-includes/blocks.php(902): WP_Block->render()
#5 /Applications/MAMP/htdocs/wp-grupp/wp-includes/blocks.php(940): render_block(Array)
#6 /Applications/MAMP/htdocs/wp-grupp/wp-includes/class-wp-hook.php(307): do_blocks('<!-- wp:buttons...')
#7 /Applications/MAMP/htdocs/wp-grupp/wp-includes/plugin.php(191): WP_Hook->apply_filters('<!-- wp:buttons...', Array)
#8 /Applications/MAMP/htdocs/wp-grupp/wp-includes/post-template.php(253): apply_filters('the_content', '<!-- wp:buttons...')
#9 /Applications/MAMP/htdocs/wp-grupp/wp-content/themes/fimero/block/page-smallhero.php(12): the_content()
#10 /Applications/MAMP/htdocs/wp-grupp/wp-includes/template-loader.php(106): include('/Applications/M...')
#11 /Applications/MAMP/htdocs/wp-grupp/wp-blog-header.php(19): require_once('/Applications/M...')
#12 /Applications/MAMP/htdocs/wp-grupp/index.php(17): require('/Applications/M...')
#13 {main}
  thrown in /Applications/MAMP/htdocs/wp-grupp/wp-content/themes/fimero/template_parts/blocks/product-block.php on line 16

2022-09-27T15:23:02+00:00 CRITICAL Uncaught Error: Call to a member function get_regular_price() on bool in /Applications/MAMP/htdocs/wp-grupp/wp-content/themes/fimero/template_parts/blocks/product-block.php:16
Stack trace:
#0 /Applications/MAMP/htdocs/wp-grupp/wp-content/plugins/advanced-custom-fields-pro/pro/blocks.php(390): include()
#1 /Applications/MAMP/htdocs/wp-grupp/wp-content/plugins/advanced-custom-fields-pro/pro/blocks.php(327): acf_render_block(Array, '', false, 140, Object(WP_Block))
#2 /Applications/MAMP/htdocs/wp-grupp/wp-content/plugins/advanced-custom-fields-pro/pro/blocks.php(307): acf_rendered_block(Array, '', false, 140, Object(WP_Block))
#3 /Applications/MAMP/htdocs/wp-grupp/wp-includes/class-wp-block.php(255): acf_render_block_callback(Array, '', Object(WP_Block))
#4 /Applications/MAMP/htdocs/wp-grupp/wp-includes/blocks.php(902): WP_Block->render()
#5 /Applications/MAMP/htdocs/wp-grupp/wp-includes/blocks.php(940): render_block(Array)
#6 /Applications/MAMP/htdocs/wp-grupp/wp-includes/class-wp-hook.php(307): do_blocks('<!-- wp:buttons...')
#7 /Applications/MAMP/htdocs/wp-grupp/wp-includes/plugin.php(191): WP_Hook->apply_filters('<!-- wp:buttons...', Array)
#8 /Applications/MAMP/htdocs/wp-grupp/wp-includes/post-template.php(253): apply_filters('the_content', '<!-- wp:buttons...')
#9 /Applications/MAMP/htdocs/wp-grupp/wp-content/themes/fimero/block/page-smallhero.php(12): the_content()
#10 /Applications/MAMP/htdocs/wp-grupp/wp-includes/template-loader.php(106): include('/Applications/M...')
#11 /Applications/MAMP/htdocs/wp-grupp/wp-blog-header.php(19): require_once('/Applications/M...')
#12 /Applications/MAMP/htdocs/wp-grupp/index.php(17): require('/Applications/M...')
#13 {main}
  thrown in /Applications/MAMP/htdocs/wp-grupp/wp-content/themes/fimero/template_parts/blocks/product-block.php on line 16

2022-09-27T15:23:40+00:00 CRITICAL Uncaught Error: Call to a member function get_regular_price() on bool in /Applications/MAMP/htdocs/wp-grupp/wp-content/themes/fimero/template_parts/blocks/product-block.php:9
Stack trace:
#0 /Applications/MAMP/htdocs/wp-grupp/wp-content/plugins/advanced-custom-fields-pro/pro/blocks.php(390): include()
#1 /Applications/MAMP/htdocs/wp-grupp/wp-content/plugins/advanced-custom-fields-pro/pro/blocks.php(327): acf_render_block(Array, '', false, 140, Object(WP_Block))
#2 /Applications/MAMP/htdocs/wp-grupp/wp-content/plugins/advanced-custom-fields-pro/pro/blocks.php(307): acf_rendered_block(Array, '', false, 140, Object(WP_Block))
#3 /Applications/MAMP/htdocs/wp-grupp/wp-includes/class-wp-block.php(255): acf_render_block_callback(Array, '', Object(WP_Block))
#4 /Applications/MAMP/htdocs/wp-grupp/wp-includes/blocks.php(902): WP_Block->render()
#5 /Applications/MAMP/htdocs/wp-grupp/wp-includes/blocks.php(940): render_block(Array)
#6 /Applications/MAMP/htdocs/wp-grupp/wp-includes/class-wp-hook.php(307): do_blocks('<!-- wp:buttons...')
#7 /Applications/MAMP/htdocs/wp-grupp/wp-includes/plugin.php(191): WP_Hook->apply_filters('<!-- wp:buttons...', Array)
#8 /Applications/MAMP/htdocs/wp-grupp/wp-includes/post-template.php(253): apply_filters('the_content', '<!-- wp:buttons...')
#9 /Applications/MAMP/htdocs/wp-grupp/wp-content/themes/fimero/block/page-smallhero.php(12): the_content()
#10 /Applications/MAMP/htdocs/wp-grupp/wp-includes/template-loader.php(106): include('/Applications/M...')
#11 /Applications/MAMP/htdocs/wp-grupp/wp-blog-header.php(19): require_once('/Applications/M...')
#12 /Applications/MAMP/htdocs/wp-grupp/index.php(17): require('/Applications/M...')
#13 {main}
  thrown in /Applications/MAMP/htdocs/wp-grupp/wp-content/themes/fimero/template_parts/blocks/product-block.php on line 9

