2022-10-03T11:49:12+00:00 CRITICAL Uncaught Error: Call to a member function add_to_cart_url() on string in /Users/Standard1990/Desktop/Medieinstitutet/wp-grupp/wordpress /wp-content/themes/fimero/functions.php:246
Stack trace:
#0 /Users/Standard1990/Desktop/Medieinstitutet/wp-grupp/wordpress /wp-includes/class-wp-hook.php(309): {closure}('<a href="http:/...')
#1 /Users/Standard1990/Desktop/Medieinstitutet/wp-grupp/wordpress /wp-includes/plugin.php(191): WP_Hook->apply_filters('<a href="http:/...', Array)
#2 /Users/Standard1990/Desktop/Medieinstitutet/wp-grupp/wordpress /wp-content/plugins/woocommerce/templates/loop/add-to-cart.php(35): apply_filters('woocommerce_loo...', '<a href="http:/...', Object(WC_Product_Variable), Array)
#3 /Users/Standard1990/Desktop/Medieinstitutet/wp-grupp/wordpress /wp-content/plugins/woocommerce/includes/wc-core-functions.php(345): include('/Users/Standard...')
#4 /Users/Standard1990/Desktop/Medieinstitutet/wp-grupp/wordpress /wp-content/plugins/woocommerce/includes/wc-template-functions.php(1368): wc_get_template('loop/add-to-car...', Array)
#5 /Users/Standard1990/Desktop/Medieinstitutet/wp-grupp/wordpress /wp-includes/class-wp-hook.php(307): woocommerce_template_loop_add_to_cart(Array)
#6 /Users/Standard1990/Desktop/Medieinstitutet/wp-grupp/wordpress /wp-includes/class-wp-hook.php(331): WP_Hook->apply_filters(NULL, Array)
#7 /Users/Standard1990/Desktop/Medieinstitutet/wp-grupp/wordpress /wp-includes/plugin.php(476): WP_Hook->do_action(Array)
#8 /Users/Standard1990/Desktop/Medieinstitutet/wp-grupp/wordpress /wp-content/plugins/woocommerce/templates/content-product.php(65): do_action('woocommerce_aft...')
#9 /Users/Standard1990/Desktop/Medieinstitutet/wp-grupp/wordpress /wp-includes/template.php(772): require('/Users/Standard...')
#10 /Users/Standard1990/Desktop/Medieinstitutet/wp-grupp/wordpress /wp-content/plugins/woocommerce/includes/wc-core-functions.php(284): load_template('/Users/Standard...', false)
#11 /Users/Standard1990/Desktop/Medieinstitutet/wp-grupp/wordpress /wp-content/themes/fimero/woocommerce/single-product/related.php(45): wc_get_template_part('content', 'product')
#12 /Users/Standard1990/Desktop/Medieinstitutet/wp-grupp/wordpress /wp-content/plugins/woocommerce/includes/wc-core-functions.php(345): include('/Users/Standard...')
#13 /Users/Standard1990/Desktop/Medieinstitutet/wp-grupp/wordpress /wp-content/plugins/woocommerce/includes/wc-template-functions.php(2047): wc_get_template('single-product/...', Array)
#14 /Users/Standard1990/Desktop/Medieinstitutet/wp-grupp/wordpress /wp-content/plugins/woocommerce/includes/wc-template-functions.php(2010): woocommerce_related_products(Array)
#15 /Users/Standard1990/Desktop/Medieinstitutet/wp-grupp/wordpress /wp-includes/class-wp-hook.php(307): woocommerce_output_related_products('')
#16 /Users/Standard1990/Desktop/Medieinstitutet/wp-grupp/wordpress /wp-includes/class-wp-hook.php(331): WP_Hook->apply_filters(NULL, Array)
#17 /Users/Standard1990/Desktop/Medieinstitutet/wp-grupp/wordpress /wp-includes/plugin.php(476): WP_Hook->do_action(Array)
#18 /Users/Standard1990/Desktop/Medieinstitutet/wp-grupp/wordpress /wp-content/themes/fimero/woocommerce/content-single-product.php(72): do_action('woocommerce_aft...')
#19 /Users/Standard1990/Desktop/Medieinstitutet/wp-grupp/wordpress /wp-includes/template.php(772): require('/Users/Standard...')
#20 /Users/Standard1990/Desktop/Medieinstitutet/wp-grupp/wordpress /wp-content/plugins/woocommerce/includes/wc-core-functions.php(284): load_template('/Users/Standard...', false)
#21 /Users/Standard1990/Desktop/Medieinstitutet/wp-grupp/wordpress /wp-content/plugins/woocommerce/includes/wc-template-functions.php(971): wc_get_template_part('content', 'single-product')
#22 /Users/Standard1990/Desktop/Medieinstitutet/wp-grupp/wordpress /wp-content/themes/fimero/woocommerce.php(7): woocommerce_content()
#23 /Users/Standard1990/Desktop/Medieinstitutet/wp-grupp/wordpress /wp-includes/template-loader.php(106): include('/Users/Standard...')
#24 /Users/Standard1990/Desktop/Medieinstitutet/wp-grupp/wordpress /wp-blog-header.php(19): require_once('/Users/Standard...')
#25 /Users/Standard1990/Desktop/Medieinstitutet/wp-grupp/wordpress /index.php(17): require('/Users/Standard...')
#26 {main}
  thrown in /Users/Standard1990/Desktop/Medieinstitutet/wp-grupp/wordpress /wp-content/themes/fimero/functions.php on line 246

2022-10-03T11:49:18+00:00 CRITICAL Uncaught Error: Call to a member function add_to_cart_url() on string in /Users/Standard1990/Desktop/Medieinstitutet/wp-grupp/wordpress /wp-content/themes/fimero/functions.php:246
Stack trace:
#0 /Users/Standard1990/Desktop/Medieinstitutet/wp-grupp/wordpress /wp-includes/class-wp-hook.php(309): {closure}('<a href="http:/...')
#1 /Users/Standard1990/Desktop/Medieinstitutet/wp-grupp/wordpress /wp-includes/plugin.php(191): WP_Hook->apply_filters('<a href="http:/...', Array)
#2 /Users/Standard1990/Desktop/Medieinstitutet/wp-grupp/wordpress /wp-content/plugins/woocommerce/templates/loop/add-to-cart.php(35): apply_filters('woocommerce_loo...', '<a href="http:/...', Object(WC_Product_Variable), Array)
#3 /Users/Standard1990/Desktop/Medieinstitutet/wp-grupp/wordpress /wp-content/plugins/woocommerce/includes/wc-core-functions.php(345): include('/Users/Standard...')
#4 /Users/Standard1990/Desktop/Medieinstitutet/wp-grupp/wordpress /wp-content/plugins/woocommerce/includes/wc-template-functions.php(1368): wc_get_template('loop/add-to-car...', Array)
#5 /Users/Standard1990/Desktop/Medieinstitutet/wp-grupp/wordpress /wp-includes/class-wp-hook.php(307): woocommerce_template_loop_add_to_cart(Array)
#6 /Users/Standard1990/Desktop/Medieinstitutet/wp-grupp/wordpress /wp-includes/class-wp-hook.php(331): WP_Hook->apply_filters(NULL, Array)
#7 /Users/Standard1990/Desktop/Medieinstitutet/wp-grupp/wordpress /wp-includes/plugin.php(476): WP_Hook->do_action(Array)
#8 /Users/Standard1990/Desktop/Medieinstitutet/wp-grupp/wordpress /wp-content/plugins/woocommerce/templates/content-product.php(65): do_action('woocommerce_aft...')
#9 /Users/Standard1990/Desktop/Medieinstitutet/wp-grupp/wordpress /wp-includes/template.php(772): require('/Users/Standard...')
#10 /Users/Standard1990/Desktop/Medieinstitutet/wp-grupp/wordpress /wp-content/plugins/woocommerce/includes/wc-core-functions.php(284): load_template('/Users/Standard...', false)
#11 /Users/Standard1990/Desktop/Medieinstitutet/wp-grupp/wordpress /wp-content/themes/fimero/woocommerce/single-product/related.php(45): wc_get_template_part('content', 'product')
#12 /Users/Standard1990/Desktop/Medieinstitutet/wp-grupp/wordpress /wp-content/plugins/woocommerce/includes/wc-core-functions.php(345): include('/Users/Standard...')
#13 /Users/Standard1990/Desktop/Medieinstitutet/wp-grupp/wordpress /wp-content/plugins/woocommerce/includes/wc-template-functions.php(2047): wc_get_template('single-product/...', Array)
#14 /Users/Standard1990/Desktop/Medieinstitutet/wp-grupp/wordpress /wp-content/plugins/woocommerce/includes/wc-template-functions.php(2010): woocommerce_related_products(Array)
#15 /Users/Standard1990/Desktop/Medieinstitutet/wp-grupp/wordpress /wp-includes/class-wp-hook.php(307): woocommerce_output_related_products('')
#16 /Users/Standard1990/Desktop/Medieinstitutet/wp-grupp/wordpress /wp-includes/class-wp-hook.php(331): WP_Hook->apply_filters(NULL, Array)
#17 /Users/Standard1990/Desktop/Medieinstitutet/wp-grupp/wordpress /wp-includes/plugin.php(476): WP_Hook->do_action(Array)
#18 /Users/Standard1990/Desktop/Medieinstitutet/wp-grupp/wordpress /wp-content/themes/fimero/woocommerce/content-single-product.php(72): do_action('woocommerce_aft...')
#19 /Users/Standard1990/Desktop/Medieinstitutet/wp-grupp/wordpress /wp-includes/template.php(772): require('/Users/Standard...')
#20 /Users/Standard1990/Desktop/Medieinstitutet/wp-grupp/wordpress /wp-content/plugins/woocommerce/includes/wc-core-functions.php(284): load_template('/Users/Standard...', false)
#21 /Users/Standard1990/Desktop/Medieinstitutet/wp-grupp/wordpress /wp-content/plugins/woocommerce/includes/wc-template-functions.php(971): wc_get_template_part('content', 'single-product')
#22 /Users/Standard1990/Desktop/Medieinstitutet/wp-grupp/wordpress /wp-content/themes/fimero/woocommerce.php(7): woocommerce_content()
#23 /Users/Standard1990/Desktop/Medieinstitutet/wp-grupp/wordpress /wp-includes/template-loader.php(106): include('/Users/Standard...')
#24 /Users/Standard1990/Desktop/Medieinstitutet/wp-grupp/wordpress /wp-blog-header.php(19): require_once('/Users/Standard...')
#25 /Users/Standard1990/Desktop/Medieinstitutet/wp-grupp/wordpress /index.php(17): require('/Users/Standard...')
#26 {main}
  thrown in /Users/Standard1990/Desktop/Medieinstitutet/wp-grupp/wordpress /wp-content/themes/fimero/functions.php on line 246

2022-10-03T13:47:09+00:00 CRITICAL syntax error, unexpected token "global" in /Users/Standard1990/Desktop/Medieinstitutet/wp-grupp/wordpress /wp-content/themes/fimero/woocommerce/single-product/meta.php on line 22

